[2026-04-03 10:01:35] [♇] (PHASE_LOCK) 🛡️ Launching ZADEIAN-RHEA Sentinel v2.3.1 on Windows
[2026-04-03 10:01:35] [♻] (ADAPTIVE) 🧠 Interpreter Initialized
[2026-04-03 10:01:35] Interpreter Core Initialized
[2026-04-03 10:01:35] [♻] (ADAPTIVE) 🧠 Interpreter Initialized
[2026-04-03 10:01:35] Interpreter Core Initialized
[2026-04-03 10:01:35] [♇] (PHASE_LOCK) Adaptive Engine Initialized
[2026-04-03 10:01:35] [⌬] (RECURSIVE) Behavioral Monitor Initialized
[2026-04-03 10:01:35] [♇] (PHASE_LOCK) Adaptive Engine Initialized
[2026-04-03 10:01:35] [♇] (PHASE_LOCK) Intrusion Detection Engine Loaded
[2026-04-03 10:01:35] [♻] (INIT) Created new signature file → logs\NetworkScan\net_signatures.json
[2026-04-03 10:01:35] [✔] (TRUST) Loaded 0 known hashes
[2026-04-03 10:01:35] [♇] (PHASE_LOCK) Adaptive Engine Initialized
[2026-04-03 10:01:35] [♻] (INIT) Created new signature file → logs\Sentinel_20260403_100135\network\net_signatures.txt
[2026-04-03 10:01:35] [✔] (TRUST) Loaded 0 known hashes
[2026-04-03 10:01:35] [♇] (PHASE_LOCK) Sentinel Manager Booted
[2026-04-03 10:01:35] [♻] (ADAPTIVE) Network Scan Initialized
[2026-04-03 10:01:35] [⌬] (RECURSIVE) Self-Reflection Engine Started
[2026-04-03 10:01:35] [♇] (PHASE_LOCK) Self-Reflection Module Activated
[2026-04-03 10:01:35] [Ψ] (SIGNAL) System Start-Up Complete
[2026-04-03 10:01:36] [♻] (ADAPTIVE) 📡 Main control console initialized
[2026-04-03 10:01:37] [♇] (PHASE_LOCK) Main GUI initialized [Tier: Sovereign]
[2026-04-03 10:01:40] [⸸] (TRUST_LOSS) 🛑 Graceful shutdown initiated
